[debug] [2024-11-04T10:17:36.398Z] ----------------------------------------------------------------------
[debug] [2024-11-04T10:17:36.403Z] Command:       C:\Program Files\nodejs\node.exe C:\Users\yasha\AppData\Roaming\npm\node_modules\firebase-tools\lib\bin\firebase.js init
[debug] [2024-11-04T10:17:36.403Z] CLI Version:   13.23.1
[debug] [2024-11-04T10:17:36.403Z] Platform:      win32
[debug] [2024-11-04T10:17:36.403Z] Node Version:  v20.16.0
[debug] [2024-11-04T10:17:36.403Z] Time:          Mon Nov 04 2024 15:47:36 GMT+0530 (India Standard Time)
[debug] [2024-11-04T10:17:36.404Z] ----------------------------------------------------------------------
[debug] 
[debug] [2024-11-04T10:17:36.412Z] > command requires scopes: ["email","openid","https://www.googleapis.com/auth/cloudplatformprojects.readonly","https://www.googleapis.com/auth/firebase","https://www.googleapis.com/auth/cloud-platform"]
[debug] [2024-11-04T10:17:36.412Z] > authorizing via signed-in user (yashaswinirudrapaati@gmail.com)
[info] 
     ######## #### ########  ######## ########     ###     ######  ########
     ##        ##  ##     ## ##       ##     ##  ##   ##  ##       ##
     ######    ##  ########  ######   ########  #########  ######  ######
     ##        ##  ##    ##  ##       ##     ## ##     ##       ## ##
     ##       #### ##     ## ######## ########  ##     ##  ######  ########

You're about to initialize a Firebase project in this directory:

  E:\FALL SEM\SOFTWARE ENGINEERING\References\Implementation

[info] 
=== Project Setup
[info] 
[info] First, let's associate this project directory with a Firebase project.
[info] You can create multiple project aliases by running firebase use --add, 
[info] but for now we'll just set up a default project.
[info] 
[debug] [2024-11-04T10:17:52.944Z] Checked if tokens are valid: true, expires at: 1730718895332
[debug] [2024-11-04T10:17:52.944Z] Checked if tokens are valid: true, expires at: 1730718895332
[debug] [2024-11-04T10:17:52.946Z] >>> [apiv2][query] GET https://firebase.googleapis.com/v1beta1/availableProjects pageSize=100
[debug] [2024-11-04T10:17:54.020Z] <<< [apiv2][status] GET https://firebase.googleapis.com/v1beta1/availableProjects 200
[debug] [2024-11-04T10:17:54.020Z] <<< [apiv2][body] GET https://firebase.googleapis.com/v1beta1/availableProjects [omitted]
[debug] [2024-11-04T10:18:17.271Z] ----------------------------------------------------------------------
[debug] [2024-11-04T10:18:17.274Z] Command:       C:\Program Files\nodejs\node.exe C:\Users\yasha\AppData\Roaming\npm\node_modules\firebase-tools\lib\bin\firebase.js init
[debug] [2024-11-04T10:18:17.275Z] CLI Version:   13.23.1
[debug] [2024-11-04T10:18:17.275Z] Platform:      win32
[debug] [2024-11-04T10:18:17.275Z] Node Version:  v20.16.0
[debug] [2024-11-04T10:18:17.275Z] Time:          Mon Nov 04 2024 15:48:17 GMT+0530 (India Standard Time)
[debug] [2024-11-04T10:18:17.276Z] ----------------------------------------------------------------------
[debug] 
[debug] [2024-11-04T10:18:17.284Z] > command requires scopes: ["email","openid","https://www.googleapis.com/auth/cloudplatformprojects.readonly","https://www.googleapis.com/auth/firebase","https://www.googleapis.com/auth/cloud-platform"]
[debug] [2024-11-04T10:18:17.284Z] > authorizing via signed-in user (yashaswinirudrapaati@gmail.com)
[info] 
     ######## #### ########  ######## ########     ###     ######  ########
     ##        ##  ##     ## ##       ##     ##  ##   ##  ##       ##
     ######    ##  ########  ######   ########  #########  ######  ######
     ##        ##  ##    ##  ##       ##     ## ##     ##       ## ##
     ##       #### ##     ## ######## ########  ##     ##  ######  ########

You're about to initialize a Firebase project in this directory:

  E:\FALL SEM\SOFTWARE ENGINEERING\References\Implementation

[info] 
=== Project Setup
[info] 
[info] First, let's associate this project directory with a Firebase project.
[info] You can create multiple project aliases by running firebase use --add, 
[info] but for now we'll just set up a default project.
[info] 
[info] i  If you want to create a project in a Google Cloud organization or folder, please use "firebase projects:create" instead, and return to this command when you've created the project. 
[debug] [2024-11-04T10:19:53.576Z] Checked if tokens are valid: true, expires at: 1730718895332
[debug] [2024-11-04T10:19:53.576Z] Checked if tokens are valid: true, expires at: 1730718895332
[debug] [2024-11-04T10:19:53.578Z] >>> [apiv2][query] POST https://cloudresourcemanager.googleapis.com/v1/projects [none]
[debug] [2024-11-04T10:19:53.578Z] >>> [apiv2][body] POST https://cloudresourcemanager.googleapis.com/v1/projects {"projectId":"automatedgradingsystem","name":"automatedgradingsystem"}
[debug] [2024-11-04T10:19:55.712Z] <<< [apiv2][status] POST https://cloudresourcemanager.googleapis.com/v1/projects 200
[debug] [2024-11-04T10:19:55.712Z] <<< [apiv2][body] POST https://cloudresourcemanager.googleapis.com/v1/projects {"name":"operations/cp.7181771564218283891"}
[debug] [2024-11-04T10:19:55.713Z] Checked if tokens are valid: true, expires at: 1730718895332
[debug] [2024-11-04T10:19:55.714Z] Checked if tokens are valid: true, expires at: 1730718895332
[debug] [2024-11-04T10:19:55.714Z] >>> [apiv2][query] GET https://cloudresourcemanager.googleapis.com/v1/operations/cp.7181771564218283891 [none]
[debug] [2024-11-04T10:19:57.339Z] <<< [apiv2][status] GET https://cloudresourcemanager.googleapis.com/v1/operations/cp.7181771564218283891 200
[debug] [2024-11-04T10:19:57.339Z] <<< [apiv2][body] GET https://cloudresourcemanager.googleapis.com/v1/operations/cp.7181771564218283891 {"name":"operations/cp.7181771564218283891"}
[debug] [2024-11-04T10:19:57.847Z] [Project Creation Poller] Retrying task index 0
[debug] [2024-11-04T10:19:57.847Z] Checked if tokens are valid: true, expires at: 1730718895332
[debug] [2024-11-04T10:19:57.847Z] Checked if tokens are valid: true, expires at: 1730718895332
[debug] [2024-11-04T10:19:57.847Z] >>> [apiv2][query] GET https://cloudresourcemanager.googleapis.com/v1/operations/cp.7181771564218283891 [none]
[debug] [2024-11-04T10:19:58.522Z] <<< [apiv2][status] GET https://cloudresourcemanager.googleapis.com/v1/operations/cp.7181771564218283891 200
[debug] [2024-11-04T10:19:58.523Z] <<< [apiv2][body] GET https://cloudresourcemanager.googleapis.com/v1/operations/cp.7181771564218283891 {"name":"operations/cp.7181771564218283891","metadata":{"@type":"type.googleapis.com/google.cloudresourcemanager.v1.ProjectCreationStatus","gettable":true}}
[debug] [2024-11-04T10:19:59.530Z] [Project Creation Poller] Retrying task index 0
[debug] [2024-11-04T10:19:59.531Z] Checked if tokens are valid: true, expires at: 1730718895332
[debug] [2024-11-04T10:19:59.531Z] Checked if tokens are valid: true, expires at: 1730718895332
[debug] [2024-11-04T10:19:59.531Z] >>> [apiv2][query] GET https://cloudresourcemanager.googleapis.com/v1/operations/cp.7181771564218283891 [none]
[debug] [2024-11-04T10:20:00.128Z] <<< [apiv2][status] GET https://cloudresourcemanager.googleapis.com/v1/operations/cp.7181771564218283891 200
[debug] [2024-11-04T10:20:00.128Z] <<< [apiv2][body] GET https://cloudresourcemanager.googleapis.com/v1/operations/cp.7181771564218283891 {"name":"operations/cp.7181771564218283891","metadata":{"@type":"type.googleapis.com/google.cloudresourcemanager.v1.ProjectCreationStatus","gettable":true,"ready":true},"done":true,"response":{"@type":"type.googleapis.com/google.cloudresourcemanager.v1.Project","projectNumber":"585701929930","projectId":"automatedgradingsystem","lifecycleState":"ACTIVE","name":"automatedgradingsystem","createTime":"2024-11-04T10:19:50.109249Z"}}
[debug] [2024-11-04T10:20:00.130Z] Checked if tokens are valid: true, expires at: 1730718895332
[debug] [2024-11-04T10:20:00.130Z] Checked if tokens are valid: true, expires at: 1730718895332
[debug] [2024-11-04T10:20:00.130Z] >>> [apiv2][query] POST https://firebase.googleapis.com/v1beta1/projects/automatedgradingsystem:addFirebase [none]
[debug] [2024-11-04T10:20:01.744Z] <<< [apiv2][status] POST https://firebase.googleapis.com/v1beta1/projects/automatedgradingsystem:addFirebase 403
[debug] [2024-11-04T10:20:01.745Z] <<< [apiv2][body] POST https://firebase.googleapis.com/v1beta1/projects/automatedgradingsystem:addFirebase {"error":{"code":403,"message":"The caller does not have permission","status":"PERMISSION_DENIED"}}
[debug] [2024-11-04T10:20:01.746Z] Request to https://firebase.googleapis.com/v1beta1/projects/automatedgradingsystem:addFirebase had HTTP Error: 403, The caller does not have permission
[debug] [2024-11-04T10:20:01.919Z] FirebaseError: Request to https://firebase.googleapis.com/v1beta1/projects/automatedgradingsystem:addFirebase had HTTP Error: 403, The caller does not have permission
    at responseToError (C:\Users\yasha\AppData\Roaming\npm\node_modules\firebase-tools\lib\responseToError.js:52:12)
    at RetryOperation._fn (C:\Users\yasha\AppData\Roaming\npm\node_modules\firebase-tools\lib\apiv2.js:312:77)
    at process.processTicksAndRejections (node:internal/process/task_queues:95:5)
[error] 
[error] Error: Failed to add Firebase to Google Cloud Platform project. See firebase-debug.log for more info.
